{
  "MiniTest": {
    "coverage": {
      "/Users/nickbarnes/Desktop/rails test/banner2/banner2/app/models/student.rb": [
        1,
        1,
        1,
        null,
        1,
        1,
        1,
        null,
        1,
        0,
        null,
        null
      ],
      "/Users/nickbarnes/Desktop/rails test/banner2/banner2/app/models/application_record.rb": [
        1,
        1,
        null
      ],
      "/Users/nickbarnes/Desktop/rails test/banner2/banner2/app/mailers/application_mailer.rb": [
        0,
        0,
        0,
        0
      ],
      "/Users/nickbarnes/Desktop/rails test/banner2/banner2/app/models/enrollment.rb": [
        0,
        0,
        0,
        0,
        0,
        0,
        0,
        0
      ],
      "/Users/nickbarnes/Desktop/rails test/banner2/banner2/app/models/section.rb": [
        0,
        0,
        0,
        0,
        0,
        0,
        0,
        0,
        0,
        0,
        0,
        0,
        0,
        0
      ],
      "/Users/nickbarnes/Desktop/rails test/banner2/banner2/app/models/course.rb": [
        0,
        0,
        0,
        0,
        0,
        0,
        0,
        0
      ],
      "/Users/nickbarnes/Desktop/rails test/banner2/banner2/app/jobs/application_job.rb": [
        0,
        0
      ],
      "/Users/nickbarnes/Desktop/rails test/banner2/banner2/app/controllers/application_controller.rb": [
        0,
        0,
        0
      ],
      "/Users/nickbarnes/Desktop/rails test/banner2/banner2/app/controllers/enrollments_controller.rb": [
        0,
        0,
        0,
        0,
        0,
        0,
        0,
        0,
        0,
        0,
        0,
        0,
        0,
        0,
        0,
        0,
        0,
        0,
        0,
        0,
        0,
        0,
        0,
        0,
        0,
        0,
        0,
        0,
        0,
        0,
        0,
        0,
        0,
        0,
        0,
        0,
        0,
        0,
        0,
        0,
        0,
        0,
        0,
        0,
        0,
        0,
        0,
        0,
        0,
        0,
        0,
        0,
        0,
        0,
        0,
        0,
        0,
        0,
        0,
        0,
        0,
        0,
        0,
        0,
        0,
        0,
        0,
        0,
        0,
        0,
        0,
        0,
        0,
        0,
        0,
        0,
        0
      ],
      "/Users/nickbarnes/Desktop/rails test/banner2/banner2/app/controllers/sections_controller.rb": [
        0,
        0,
        0,
        0,
        0,
        0,
        0,
        0,
        0,
        0,
        0,
        0,
        0,
        0,
        0,
        0,
        0,
        0,
        0,
        0,
        0,
        0,
        0,
        0,
        0,
        0,
        0,
        0,
        0,
        0,
        0,
        0,
        0,
        0,
        0,
        0,
        0,
        0,
        0,
        0,
        0,
        0,
        0,
        0,
        0,
        0,
        0,
        0,
        0,
        0,
        0,
        0,
        0,
        0,
        0,
        0,
        0,
        0,
        0,
        0,
        0,
        0,
        0,
        0,
        0,
        0,
        0,
        0,
        0,
        0,
        0,
        0,
        0,
        0,
        0,
        0,
        0,
        0
      ],
      "/Users/nickbarnes/Desktop/rails test/banner2/banner2/app/controllers/students_controller.rb": [
        0,
        0,
        0,
        0,
        0,
        0,
        0,
        0,
        0,
        0,
        0,
        0,
        0,
        0,
        0,
        0,
        0,
        0,
        0,
        0,
        0,
        0,
        0,
        0,
        0,
        0,
        0,
        0,
        0,
        0,
        0,
        0,
        0,
        0,
        0,
        0,
        0,
        0,
        0,
        0,
        0,
        0,
        0,
        0,
        0,
        0,
        0,
        0,
        0,
        0,
        0,
        0,
        0,
        0,
        0,
        0,
        0,
        0,
        0,
        0,
        0,
        0,
        0,
        0,
        0,
        0,
        0,
        0,
        0,
        0,
        0,
        0,
        0,
        0,
        0,
        0,
        0
      ],
      "/Users/nickbarnes/Desktop/rails test/banner2/banner2/app/controllers/courses_controller.rb": [
        0,
        0,
        0,
        0,
        0,
        0,
        0,
        0,
        0,
        0,
        0,
        0,
        0,
        0,
        0,
        0,
        0,
        0,
        0,
        0,
        0,
        0,
        0,
        0,
        0,
        0,
        0,
        0,
        0,
        0,
        0,
        0,
        0,
        0,
        0,
        0,
        0,
        0,
        0,
        0,
        0,
        0,
        0,
        0,
        0,
        0,
        0,
        0,
        0,
        0,
        0,
        0,
        0,
        0,
        0,
        0,
        0,
        0,
        0,
        0,
        0,
        0,
        0,
        0,
        0,
        0,
        0,
        0,
        0,
        0,
        0,
        0,
        0,
        0,
        0,
        0,
        0,
        0
      ],
      "/Users/nickbarnes/Desktop/rails test/banner2/banner2/app/controllers/home_controller.rb": [
        0,
        0,
        0,
        0
      ],
      "/Users/nickbarnes/Desktop/rails test/banner2/banner2/app/helpers/sections_helper.rb": [
        0,
        0
      ],
      "/Users/nickbarnes/Desktop/rails test/banner2/banner2/app/helpers/enrollments_helper.rb": [
        0,
        0
      ],
      "/Users/nickbarnes/Desktop/rails test/banner2/banner2/app/helpers/courses_helper.rb": [
        0,
        0
      ],
      "/Users/nickbarnes/Desktop/rails test/banner2/banner2/app/helpers/students_helper.rb": [
        0,
        0
      ],
      "/Users/nickbarnes/Desktop/rails test/banner2/banner2/app/helpers/application_helper.rb": [
        0,
        0
      ],
      "/Users/nickbarnes/Desktop/rails test/banner2/banner2/app/channels/application_cable/connection.rb": [
        0,
        0,
        0,
        0
      ],
      "/Users/nickbarnes/Desktop/rails test/banner2/banner2/app/channels/application_cable/channel.rb": [
        0,
        0,
        0,
        0
      ]
    },
    "timestamp": 1539534117
  },
  "RSpec": {
    "coverage": {
      "/Users/nickbarnes/Desktop/rails test/banner2/banner2/app/models/course.rb": [
        1,
        1,
        null,
        1,
        1,
        1,
        1,
        null
      ],
      "/Users/nickbarnes/Desktop/rails test/banner2/banner2/app/models/application_record.rb": [
        1,
        1,
        null
      ],
      "/Users/nickbarnes/Desktop/rails test/banner2/banner2/app/models/section.rb": [
        1,
        1,
        1,
        1,
        null,
        1,
        6,
        null,
        null,
        1,
        1,
        1,
        1,
        null
      ],
      "/Users/nickbarnes/Desktop/rails test/banner2/banner2/app/models/enrollment.rb": [
        1,
        1,
        1,
        null,
        1,
        1,
        null,
        1,
        0,
        null,
        null
      ],
      "/Users/nickbarnes/Desktop/rails test/banner2/banner2/app/models/student.rb": [
        1,
        1,
        1,
        null,
        1,
        1,
        1,
        null,
        1,
        6,
        null,
        null
      ],
      "/Users/nickbarnes/Desktop/rails test/banner2/banner2/app/controllers/courses_controller.rb": [
        1,
        1,
        null,
        null,
        null,
        1,
        1,
        0,
        null,
        1,
        null,
        null,
        null,
        null,
        null,
        1,
        null,
        null,
        null,
        1,
        1,
        null,
        null,
        null,
        1,
        null,
        null,
        null,
        null,
        1,
        1,
        null,
        1,
        1,
        2,
        1,
        null,
        0,
        0,
        null,
        null,
        null,
        null,
        null,
        null,
        1,
        1,
        1,
        2,
        1,
        null,
        0,
        0,
        null,
        null,
        null,
        null,
        null,
        null,
        1,
        1,
        1,
        2,
        1,
        null,
        null,
        null,
        1,
        null,
        1,
        4,
        null,
        null,
        null,
        1,
        2,
        null,
        null
      ],
      "/Users/nickbarnes/Desktop/rails test/banner2/banner2/app/controllers/application_controller.rb": [
        1,
        1,
        null
      ],
      "/Users/nickbarnes/Desktop/rails test/banner2/banner2/app/helpers/application_helper.rb": [
        1,
        null
      ],
      "/Users/nickbarnes/Desktop/rails test/banner2/banner2/app/helpers/courses_helper.rb": [
        1,
        null
      ],
      "/Users/nickbarnes/Desktop/rails test/banner2/banner2/app/helpers/enrollments_helper.rb": [
        1,
        null
      ],
      "/Users/nickbarnes/Desktop/rails test/banner2/banner2/app/helpers/sections_helper.rb": [
        1,
        null
      ],
      "/Users/nickbarnes/Desktop/rails test/banner2/banner2/app/helpers/students_helper.rb": [
        1,
        null
      ],
      "/Users/nickbarnes/Desktop/rails test/banner2/banner2/app/controllers/students_controller.rb": [
        1,
        1,
        null,
        null,
        null,
        1,
        1,
        0,
        null,
        1,
        null,
        null,
        null,
        null,
        1,
        null,
        null,
        null,
        1,
        1,
        null,
        null,
        null,
        1,
        null,
        null,
        null,
        null,
        1,
        1,
        null,
        1,
        1,
        2,
        1,
        null,
        0,
        0,
        null,
        null,
        null,
        null,
        null,
        null,
        1,
        1,
        1,
        2,
        1,
        null,
        0,
        0,
        null,
        null,
        null,
        null,
        null,
        null,
        1,
        1,
        1,
        2,
        1,
        null,
        null,
        null,
        1,
        null,
        1,
        4,
        null,
        null,
        null,
        1,
        2,
        null,
        null
      ],
      "/Users/nickbarnes/Desktop/rails test/banner2/banner2/app/controllers/sections_controller.rb": [
        1,
        1,
        null,
        null,
        null,
        1,
        1,
        0,
        null,
        1,
        null,
        null,
        null,
        null,
        null,
        1,
        null,
        null,
        null,
        1,
        1,
        null,
        null,
        null,
        1,
        null,
        null,
        null,
        null,
        1,
        1,
        null,
        1,
        1,
        2,
        1,
        null,
        0,
        0,
        null,
        null,
        null,
        null,
        null,
        null,
        1,
        1,
        1,
        2,
        1,
        null,
        0,
        0,
        null,
        null,
        null,
        null,
        null,
        null,
        1,
        1,
        1,
        2,
        1,
        null,
        null,
        null,
        1,
        null,
        1,
        4,
        null,
        null,
        null,
        1,
        2,
        null,
        null
      ],
      "/Users/nickbarnes/Desktop/rails test/banner2/banner2/app/controllers/enrollments_controller.rb": [
        1,
        1,
        null,
        null,
        null,
        1,
        1,
        null,
        null,
        null,
        null,
        1,
        null,
        null,
        null,
        1,
        1,
        null,
        null,
        null,
        1,
        null,
        null,
        null,
        null,
        1,
        1,
        null,
        1,
        1,
        2,
        1,
        null,
        0,
        0,
        null,
        null,
        null,
        null,
        null,
        null,
        1,
        1,
        1,
        2,
        1,
        null,
        0,
        0,
        null,
        null,
        null,
        null,
        null,
        null,
        1,
        1,
        1,
        2,
        1,
        null,
        null,
        null,
        1,
        null,
        1,
        4,
        null,
        null,
        null,
        1,
        2,
        null,
        null
      ],
      "/Users/nickbarnes/Desktop/rails test/banner2/banner2/app/mailers/application_mailer.rb": [
        0,
        0,
        0,
        0
      ],
      "/Users/nickbarnes/Desktop/rails test/banner2/banner2/app/jobs/application_job.rb": [
        0,
        0
      ],
      "/Users/nickbarnes/Desktop/rails test/banner2/banner2/app/controllers/home_controller.rb": [
        0,
        0,
        0,
        0
      ],
      "/Users/nickbarnes/Desktop/rails test/banner2/banner2/app/channels/application_cable/connection.rb": [
        0,
        0,
        0,
        0
      ],
      "/Users/nickbarnes/Desktop/rails test/banner2/banner2/app/channels/application_cable/channel.rb": [
        0,
        0,
        0,
        0
      ]
    },
    "timestamp": 1539541957
  }
}
